<?xml version="1.0" encoding="UTF-8"?>
<!-- Generated by org.testng.reporters.JUnitReportReporter -->
<testsuite hostname="Vaishnavi" failures="0" tests="1" name="com.RestApiTesting.Single_Object_request_NonBDD" time="3.984" errors="0" timestamp="2024-12-02T17:12:00 IST" skipped="0">
  <testcase classname="com.RestApiTesting.Single_Object_request_NonBDD" name="ListOfObject" time="3.984"/>
  <system-out/>
</testsuite> <!-- com.RestApiTesting.Single_Object_request_NonBDD -->
