<?xml version="1.0" encoding="UTF-8"?>
<!-- Generated by org.testng.reporters.JUnitReportReporter -->
<testsuite hostname="Vaishnavi" failures="0" tests="1" name="com.NewScenario.Headers_CookiesValidation" time="3.459" errors="0" timestamp="2024-12-05T13:14:17 IST" skipped="0">
  <testcase classname="com.NewScenario.Headers_CookiesValidation" name="Cookies" time="3.459"/>
  <system-out/>
</testsuite> <!-- com.NewScenario.Headers_CookiesValidation -->
