<?xml version="1.0" encoding="UTF-8"?>
<!-- Generated by org.testng.reporters.JUnitReportReporter -->
<testsuite hostname="Vaishnavi" failures="0" tests="1" name="com.NewScenario.TestParameter" time="2.866" errors="0" timestamp="2024-12-05T12:29:31 IST" skipped="0">
  <testcase classname="com.NewScenario.TestParameter" name="TestParameter" time="2.866"/>
  <system-out/>
</testsuite> <!-- com.NewScenario.TestParameter -->
