<?xml version="1.0" encoding="UTF-8"?>
<!-- Generated by org.testng.reporters.JUnitReportReporter -->
<testsuite hostname="Vaishnavi" failures="0" tests="1" name="com.RestApiTesting.TestHotelApIs" time="5.325" errors="0" timestamp="2024-12-03T16:37:16 IST" skipped="0">
  <testcase classname="com.RestApiTesting.TestHotelApIs" name="HotelAPI" time="5.325"/>
  <system-out/>
</testsuite> <!-- com.RestApiTesting.TestHotelApIs -->
