<?xml version="1.0" encoding="UTF-8"?>
<!-- Generated by org.testng.reporters.JUnitReportReporter -->
<testsuite hostname="Vaishnavi" failures="0" tests="1" name="com.RestApiTesting.TestPostcall__UsingHashMap" time="4.457" errors="0" timestamp="2024-12-03T17:24:54 IST" skipped="0">
  <testcase classname="com.RestApiTesting.TestPostcall__UsingHashMap" name="HotelAPI" time="4.457"/>
  <system-out/>
</testsuite> <!-- com.RestApiTesting.TestPostcall__UsingHashMap -->
