<?xml version="1.0" encoding="UTF-8"?>
<!-- Generated by org.testng.reporters.JUnitReportReporter -->
<testsuite hostname="Vaishnavi" failures="0" tests="1" name="com.RestApiTesting.TestHotel_APIs" time="3.651" errors="0" timestamp="2024-12-04T09:55:59 IST" skipped="0">
  <testcase classname="com.RestApiTesting.TestHotel_APIs" name="CreatBooking" time="3.651"/>
  <system-out/>
</testsuite> <!-- com.RestApiTesting.TestHotel_APIs -->
