<?xml version="1.0" encoding="UTF-8"?>
<!-- Generated by org.testng.reporters.JUnitReportReporter -->
<testsuite hostname="Vaishnavi" failures="0" tests="6" name="com.RestApiTesting.CreateBooking_UsingPOJO" time="11.521" errors="0" timestamp="2024-12-05T10:57:46 IST" skipped="0">
  <testcase classname="com.RestApiTesting.CreateBooking_UsingPOJO" name="CBooking" time="5.894"/>
  <system-out/>
  <testcase classname="com.RestApiTesting.CreateBooking_UsingPOJO" name="getBookingsameId" time="1.114"/>
  <system-out/>
  <testcase classname="com.RestApiTesting.CreateBooking_UsingPOJO" name="createtoken" time="1.131"/>
  <system-out/>
  <testcase classname="com.RestApiTesting.CreateBooking_UsingPOJO" name="UpdateBooking" time="1.161"/>
  <system-out/>
  <testcase classname="com.RestApiTesting.CreateBooking_UsingPOJO" name="pUpdateBooking" time="1.107"/>
  <system-out/>
  <testcase classname="com.RestApiTesting.CreateBooking_UsingPOJO" name="DeleteBooking" time="1.114"/>
  <system-out/>
</testsuite> <!-- com.RestApiTesting.CreateBooking_UsingPOJO -->
