<?xml version="1.0" encoding="UTF-8"?>
<!-- Generated by org.testng.reporters.JUnitReportReporter -->
<testsuite hostname="Vaishnavi" failures="0" tests="1" name="com.RestApiTesting.RequestWithBDD" time="3.473" errors="0" timestamp="2024-12-03T16:03:10 IST" skipped="0">
  <testcase classname="com.RestApiTesting.RequestWithBDD" name="ListOfObject" time="3.473"/>
  <system-out/>
</testsuite> <!-- com.RestApiTesting.RequestWithBDD -->
